2016-07-11 12:49:20,447 [Worker-4] INFO  o.e.m.c.i.e.AbstractTransferListenerAdapter - Downloading https://repo.maven.apache.org/maven2/org/glassfish/jersey/jersey-bom/2.23/jersey-bom-2.23.pom
2016-07-11 12:49:20,522 [Worker-4] INFO  o.e.m.c.i.e.AbstractTransferListenerAdapter - Downloaded https://repo.maven.apache.org/maven2/org/glassfish/jersey/jersey-bom/2.23/jersey-bom-2.23.pom
2016-07-11 12:49:21,204 [Worker-4] INFO  o.e.m.c.i.l.LifecycleMappingFactory - Using org.maven.ide.eclipse.wtp.WarLifecycleMapping lifecycle mapping for MavenProject: de.inmediasp:addressBook:1.0-SNAPSHOT @ C:\Users\htzigarov\workspace\addressBook\addressBook\pom.xml.
2016-07-11 12:49:21,250 [Worker-4] INFO  o.e.m.c.i.e.AbstractTransferListenerAdapter - Downloading https://repo.maven.apache.org/maven2/org/glassfish/jersey/containers/jersey-container-servlet-core/2.23/jersey-container-servlet-core-2.23.pom
2016-07-11 12:49:21,297 [Worker-4] INFO  o.e.m.c.i.e.AbstractTransferListenerAdapter - Downloaded https://repo.maven.apache.org/maven2/org/glassfish/jersey/containers/jersey-container-servlet-core/2.23/jersey-container-servlet-core-2.23.pom
2016-07-11 12:49:21,339 [Worker-4] INFO  o.e.m.c.i.e.AbstractTransferListenerAdapter - Downloading https://repo.maven.apache.org/maven2/org/glassfish/jersey/containers/project/2.23/project-2.23.pom
2016-07-11 12:49:21,387 [Worker-4] INFO  o.e.m.c.i.e.AbstractTransferListenerAdapter - Downloaded https://repo.maven.apache.org/maven2/org/glassfish/jersey/containers/project/2.23/project-2.23.pom
2016-07-11 12:49:21,428 [Worker-4] INFO  o.e.m.c.i.e.AbstractTransferListenerAdapter - Downloading https://repo.maven.apache.org/maven2/org/glassfish/jersey/project/2.23/project-2.23.pom
2016-07-11 12:49:21,523 [Worker-4] INFO  o.e.m.c.i.e.AbstractTransferListenerAdapter - Downloaded https://repo.maven.apache.org/maven2/org/glassfish/jersey/project/2.23/project-2.23.pom
2016-07-11 12:49:21,599 [Worker-4] INFO  o.e.m.c.i.e.AbstractTransferListenerAdapter - Downloading https://repo.maven.apache.org/maven2/org/glassfish/jersey/core/jersey-common/2.23/jersey-common-2.23.pom
2016-07-11 12:49:21,645 [Worker-4] INFO  o.e.m.c.i.e.AbstractTransferListenerAdapter - Downloaded https://repo.maven.apache.org/maven2/org/glassfish/jersey/core/jersey-common/2.23/jersey-common-2.23.pom
2016-07-11 12:49:21,702 [Worker-4] INFO  o.e.m.c.i.e.AbstractTransferListenerAdapter - Downloading https://repo.maven.apache.org/maven2/org/glassfish/jersey/bundles/repackaged/jersey-guava/2.23/jersey-guava-2.23.pom
2016-07-11 12:49:21,748 [Worker-4] INFO  o.e.m.c.i.e.AbstractTransferListenerAdapter - Downloaded https://repo.maven.apache.org/maven2/org/glassfish/jersey/bundles/repackaged/jersey-guava/2.23/jersey-guava-2.23.pom
2016-07-11 12:49:21,789 [Worker-4] INFO  o.e.m.c.i.e.AbstractTransferListenerAdapter - Downloading https://repo.maven.apache.org/maven2/org/glassfish/jersey/bundles/repackaged/project/2.23/project-2.23.pom
2016-07-11 12:49:21,847 [Worker-4] INFO  o.e.m.c.i.e.AbstractTransferListenerAdapter - Downloaded https://repo.maven.apache.org/maven2/org/glassfish/jersey/bundles/repackaged/project/2.23/project-2.23.pom
2016-07-11 12:49:21,890 [Worker-4] INFO  o.e.m.c.i.e.AbstractTransferListenerAdapter - Downloading https://repo.maven.apache.org/maven2/org/glassfish/jersey/bundles/project/2.23/project-2.23.pom
2016-07-11 12:49:21,942 [Worker-4] INFO  o.e.m.c.i.e.AbstractTransferListenerAdapter - Downloaded https://repo.maven.apache.org/maven2/org/glassfish/jersey/bundles/project/2.23/project-2.23.pom
2016-07-11 12:49:22,026 [Worker-4] INFO  o.e.m.c.i.e.AbstractTransferListenerAdapter - Downloading https://repo.maven.apache.org/maven2/org/glassfish/jersey/core/jersey-server/2.23/jersey-server-2.23.pom
2016-07-11 12:49:22,085 [Worker-4] INFO  o.e.m.c.i.e.AbstractTransferListenerAdapter - Downloaded https://repo.maven.apache.org/maven2/org/glassfish/jersey/core/jersey-server/2.23/jersey-server-2.23.pom
2016-07-11 12:49:22,139 [Worker-4] INFO  o.e.m.c.i.e.AbstractTransferListenerAdapter - Downloading https://repo.maven.apache.org/maven2/org/glassfish/jersey/core/jersey-client/2.23/jersey-client-2.23.pom
2016-07-11 12:49:22,186 [Worker-4] INFO  o.e.m.c.i.e.AbstractTransferListenerAdapter - Downloaded https://repo.maven.apache.org/maven2/org/glassfish/jersey/core/jersey-client/2.23/jersey-client-2.23.pom
2016-07-11 12:49:22,242 [Worker-4] INFO  o.e.m.c.i.e.AbstractTransferListenerAdapter - Downloading https://repo.maven.apache.org/maven2/org/glassfish/jersey/media/jersey-media-jaxb/2.23/jersey-media-jaxb-2.23.pom
2016-07-11 12:49:22,297 [Worker-4] INFO  o.e.m.c.i.e.AbstractTransferListenerAdapter - Downloaded https://repo.maven.apache.org/maven2/org/glassfish/jersey/media/jersey-media-jaxb/2.23/jersey-media-jaxb-2.23.pom
2016-07-11 12:49:22,367 [Worker-4] INFO  o.e.m.c.i.e.AbstractTransferListenerAdapter - Downloading https://repo.maven.apache.org/maven2/org/glassfish/jersey/media/project/2.23/project-2.23.pom
2016-07-11 12:49:22,461 [Worker-4] INFO  o.e.m.c.i.e.AbstractTransferListenerAdapter - Downloaded https://repo.maven.apache.org/maven2/org/glassfish/jersey/media/project/2.23/project-2.23.pom
2016-07-11 12:49:22,526 [Worker-4] INFO  o.e.m.c.i.e.AbstractTransferListenerAdapter - Downloading https://repo.maven.apache.org/maven2/org/glassfish/jersey/containers/jersey-container-servlet-core/2.23/jersey-container-servlet-core-2.23.jar
2016-07-11 12:49:22,616 [Worker-4] INFO  o.e.m.c.i.e.AbstractTransferListenerAdapter - Downloaded https://repo.maven.apache.org/maven2/org/glassfish/jersey/containers/jersey-container-servlet-core/2.23/jersey-container-servlet-core-2.23.jar
2016-07-11 12:49:22,660 [Worker-4] INFO  o.e.m.c.i.e.AbstractTransferListenerAdapter - Downloading https://repo.maven.apache.org/maven2/org/glassfish/jersey/core/jersey-common/2.23/jersey-common-2.23.jar
2016-07-11 12:49:22,971 [Worker-4] INFO  o.e.m.c.i.e.AbstractTransferListenerAdapter - Downloaded https://repo.maven.apache.org/maven2/org/glassfish/jersey/core/jersey-common/2.23/jersey-common-2.23.jar
2016-07-11 12:49:23,015 [Worker-4] INFO  o.e.m.c.i.e.AbstractTransferListenerAdapter - Downloading https://repo.maven.apache.org/maven2/org/glassfish/jersey/bundles/repackaged/jersey-guava/2.23/jersey-guava-2.23.jar
2016-07-11 12:49:23,526 [Worker-4] INFO  o.e.m.c.i.e.AbstractTransferListenerAdapter - Downloaded https://repo.maven.apache.org/maven2/org/glassfish/jersey/bundles/repackaged/jersey-guava/2.23/jersey-guava-2.23.jar
2016-07-11 12:49:23,574 [Worker-4] INFO  o.e.m.c.i.e.AbstractTransferListenerAdapter - Downloading https://repo.maven.apache.org/maven2/org/glassfish/jersey/core/jersey-server/2.23/jersey-server-2.23.jar
2016-07-11 12:49:24,187 [Worker-4] INFO  o.e.m.c.i.e.AbstractTransferListenerAdapter - Downloaded https://repo.maven.apache.org/maven2/org/glassfish/jersey/core/jersey-server/2.23/jersey-server-2.23.jar
2016-07-11 12:49:24,230 [Worker-4] INFO  o.e.m.c.i.e.AbstractTransferListenerAdapter - Downloading https://repo.maven.apache.org/maven2/org/glassfish/jersey/core/jersey-client/2.23/jersey-client-2.23.jar
2016-07-11 12:49:24,375 [Worker-4] INFO  o.e.m.c.i.e.AbstractTransferListenerAdapter - Downloaded https://repo.maven.apache.org/maven2/org/glassfish/jersey/core/jersey-client/2.23/jersey-client-2.23.jar
2016-07-11 12:49:24,424 [Worker-4] INFO  o.e.m.c.i.e.AbstractTransferListenerAdapter - Downloading https://repo.maven.apache.org/maven2/org/glassfish/jersey/media/jersey-media-jaxb/2.23/jersey-media-jaxb-2.23.jar
2016-07-11 12:49:24,499 [Worker-4] INFO  o.e.m.c.i.e.AbstractTransferListenerAdapter - Downloaded https://repo.maven.apache.org/maven2/org/glassfish/jersey/media/jersey-media-jaxb/2.23/jersey-media-jaxb-2.23.jar
2016-07-11 12:49:25,285 [Worker-4] INFO  o.e.m.j.i.AbstractJavaProjectConfigurator - Adding source folder /addressBook/src/main/java
2016-07-11 12:49:25,286 [Worker-4] INFO  o.e.m.j.i.AbstractJavaProjectConfigurator - Adding resource folder /addressBook/src/main/resources
2016-07-11 12:49:25,289 [Worker-4] INFO  o.e.m.j.i.AbstractJavaProjectConfigurator - Adding source folder /addressBook/src/test/java
2016-07-11 12:49:27,107 [Worker-4] INFO  o.e.m.c.i.p.ProjectConfigurationManager - Imported and configured 1 project(s) in 7 sec
2016-07-11 12:49:28,082 [Worker-1] INFO  o.e.m.c.i.embedder.EclipseLogger - Using 'UTF-8' encoding to copy filtered resources.
2016-07-11 12:49:28,089 [Worker-1] INFO  o.e.m.c.i.embedder.EclipseLogger - Copying 0 resource
2016-07-11 12:49:28,092 [Worker-1] INFO  o.e.m.c.i.embedder.EclipseLogger - Using 'UTF-8' encoding to copy filtered resources.
2016-07-11 12:49:28,092 [Worker-1] INFO  o.e.m.c.i.embedder.EclipseLogger - skip non existing resourceDirectory C:\Users\htzigarov\workspace\addressBook\addressBook\src\test\resources
2016-07-11 12:49:29,527 [Worker-9] INFO  o.e.m.c.i.embedder.EclipseLogger - Using 'UTF-8' encoding to copy filtered resources.
2016-07-11 12:49:29,528 [Worker-9] INFO  o.e.m.c.i.embedder.EclipseLogger - Copying 0 resource
2016-07-11 12:49:29,530 [Worker-9] INFO  o.e.m.c.i.embedder.EclipseLogger - Using 'UTF-8' encoding to copy filtered resources.
2016-07-11 12:49:29,530 [Worker-9] INFO  o.e.m.c.i.embedder.EclipseLogger - skip non existing resourceDirectory C:\Users\htzigarov\workspace\addressBook\addressBook\src\test\resources
2016-07-11 13:04:55,844 [Worker-23] INFO  o.e.m.c.i.embedder.EclipseLogger - Using 'UTF-8' encoding to copy filtered resources.
2016-07-11 13:04:55,844 [Worker-23] INFO  o.e.m.c.i.embedder.EclipseLogger - Copying 0 resource
2016-07-11 13:04:55,845 [Worker-23] INFO  o.e.m.c.i.embedder.EclipseLogger - Using 'UTF-8' encoding to copy filtered resources.
2016-07-11 13:04:55,846 [Worker-23] INFO  o.e.m.c.i.embedder.EclipseLogger - skip non existing resourceDirectory C:\Users\htzigarov\workspace\addressBook\addressBook\src\test\resources
2016-07-11 13:12:49,597 [Worker-13] INFO  o.e.m.c.i.embedder.EclipseLogger - Using 'UTF-8' encoding to copy filtered resources.
2016-07-11 13:12:49,598 [Worker-13] INFO  o.e.m.c.i.embedder.EclipseLogger - Copying 0 resource
2016-07-11 13:12:49,599 [Worker-13] INFO  o.e.m.c.i.embedder.EclipseLogger - Using 'UTF-8' encoding to copy filtered resources.
2016-07-11 13:12:49,599 [Worker-13] INFO  o.e.m.c.i.embedder.EclipseLogger - skip non existing resourceDirectory C:\Users\htzigarov\workspace\addressBook\addressBook\src\test\resources
2016-07-11 13:13:52,821 [Worker-25] INFO  o.e.m.c.i.embedder.EclipseLogger - Using 'UTF-8' encoding to copy filtered resources.
2016-07-11 13:13:52,833 [Worker-25] INFO  o.e.m.c.i.embedder.EclipseLogger - Copying 0 resource
2016-07-11 13:13:52,835 [Worker-25] INFO  o.e.m.c.i.embedder.EclipseLogger - Using 'UTF-8' encoding to copy filtered resources.
2016-07-11 13:13:52,835 [Worker-25] INFO  o.e.m.c.i.embedder.EclipseLogger - skip non existing resourceDirectory C:\Users\htzigarov\workspace\addressBook\addressBook\src\test\resources
2016-07-11 13:14:33,284 [Worker-25] INFO  o.e.m.c.i.embedder.EclipseLogger - Using 'UTF-8' encoding to copy filtered resources.
2016-07-11 13:14:33,285 [Worker-25] INFO  o.e.m.c.i.embedder.EclipseLogger - Copying 0 resource
2016-07-11 13:14:33,286 [Worker-25] INFO  o.e.m.c.i.embedder.EclipseLogger - Using 'UTF-8' encoding to copy filtered resources.
2016-07-11 13:14:33,286 [Worker-25] INFO  o.e.m.c.i.embedder.EclipseLogger - skip non existing resourceDirectory C:\Users\htzigarov\workspace\addressBook\addressBook\src\test\resources
2016-07-11 13:28:42,253 [Worker-32] INFO  o.e.m.c.i.embedder.EclipseLogger - Using 'UTF-8' encoding to copy filtered resources.
2016-07-11 13:28:42,254 [Worker-32] INFO  o.e.m.c.i.embedder.EclipseLogger - Copying 0 resource
2016-07-11 13:28:42,255 [Worker-32] INFO  o.e.m.c.i.embedder.EclipseLogger - Using 'UTF-8' encoding to copy filtered resources.
2016-07-11 13:28:42,255 [Worker-32] INFO  o.e.m.c.i.embedder.EclipseLogger - skip non existing resourceDirectory C:\Users\htzigarov\workspace\addressBook\addressBook\src\test\resources
2016-07-11 13:29:49,749 [Worker-36] INFO  o.e.m.c.i.embedder.EclipseLogger - Using 'UTF-8' encoding to copy filtered resources.
2016-07-11 13:29:49,750 [Worker-36] INFO  o.e.m.c.i.embedder.EclipseLogger - Copying 0 resource
2016-07-11 13:29:49,753 [Worker-36] INFO  o.e.m.c.i.embedder.EclipseLogger - Using 'UTF-8' encoding to copy filtered resources.
2016-07-11 13:29:49,753 [Worker-36] INFO  o.e.m.c.i.embedder.EclipseLogger - skip non existing resourceDirectory C:\Users\htzigarov\workspace\addressBook\addressBook\src\test\resources
2016-07-11 13:30:33,531 [Worker-38] INFO  o.e.m.c.i.embedder.EclipseLogger - Using 'UTF-8' encoding to copy filtered resources.
2016-07-11 13:30:33,532 [Worker-38] INFO  o.e.m.c.i.embedder.EclipseLogger - Copying 0 resource
2016-07-11 13:30:33,533 [Worker-38] INFO  o.e.m.c.i.embedder.EclipseLogger - Using 'UTF-8' encoding to copy filtered resources.
2016-07-11 13:30:33,533 [Worker-38] INFO  o.e.m.c.i.embedder.EclipseLogger - skip non existing resourceDirectory C:\Users\htzigarov\workspace\addressBook\addressBook\src\test\resources
2016-07-11 13:31:12,469 [Worker-36] INFO  o.e.m.c.i.embedder.EclipseLogger - Using 'UTF-8' encoding to copy filtered resources.
2016-07-11 13:31:12,470 [Worker-36] INFO  o.e.m.c.i.embedder.EclipseLogger - Copying 0 resource
2016-07-11 13:31:12,471 [Worker-36] INFO  o.e.m.c.i.embedder.EclipseLogger - Using 'UTF-8' encoding to copy filtered resources.
2016-07-11 13:31:12,471 [Worker-36] INFO  o.e.m.c.i.embedder.EclipseLogger - skip non existing resourceDirectory C:\Users\htzigarov\workspace\addressBook\addressBook\src\test\resources
2016-07-11 13:31:43,581 [Worker-39] INFO  o.e.m.c.i.embedder.EclipseLogger - Using 'UTF-8' encoding to copy filtered resources.
2016-07-11 13:31:43,582 [Worker-39] INFO  o.e.m.c.i.embedder.EclipseLogger - Copying 0 resource
2016-07-11 13:31:43,583 [Worker-39] INFO  o.e.m.c.i.embedder.EclipseLogger - Using 'UTF-8' encoding to copy filtered resources.
2016-07-11 13:31:43,583 [Worker-39] INFO  o.e.m.c.i.embedder.EclipseLogger - skip non existing resourceDirectory C:\Users\htzigarov\workspace\addressBook\addressBook\src\test\resources
2016-07-11 13:32:07,605 [Worker-37] INFO  o.e.m.c.i.embedder.EclipseLogger - Using 'UTF-8' encoding to copy filtered resources.
2016-07-11 13:32:07,606 [Worker-37] INFO  o.e.m.c.i.embedder.EclipseLogger - Copying 0 resource
2016-07-11 13:32:07,607 [Worker-37] INFO  o.e.m.c.i.embedder.EclipseLogger - Using 'UTF-8' encoding to copy filtered resources.
2016-07-11 13:32:07,607 [Worker-37] INFO  o.e.m.c.i.embedder.EclipseLogger - skip non existing resourceDirectory C:\Users\htzigarov\workspace\addressBook\addressBook\src\test\resources
2016-07-11 13:34:19,802 [Worker-41] INFO  o.e.m.c.i.embedder.EclipseLogger - Using 'UTF-8' encoding to copy filtered resources.
2016-07-11 13:34:19,810 [Worker-41] INFO  o.e.m.c.i.embedder.EclipseLogger - Copying 0 resource
2016-07-11 13:34:19,815 [Worker-41] INFO  o.e.m.c.i.embedder.EclipseLogger - Using 'UTF-8' encoding to copy filtered resources.
2016-07-11 13:34:19,816 [Worker-41] INFO  o.e.m.c.i.embedder.EclipseLogger - skip non existing resourceDirectory C:\Users\htzigarov\workspace\addressBook\addressBook\src\test\resources
2016-07-11 13:34:43,986 [Worker-38] INFO  o.e.m.c.i.embedder.EclipseLogger - Using 'UTF-8' encoding to copy filtered resources.
2016-07-11 13:34:43,986 [Worker-38] INFO  o.e.m.c.i.embedder.EclipseLogger - Copying 0 resource
2016-07-11 13:34:43,987 [Worker-38] INFO  o.e.m.c.i.embedder.EclipseLogger - Using 'UTF-8' encoding to copy filtered resources.
2016-07-11 13:34:43,988 [Worker-38] INFO  o.e.m.c.i.embedder.EclipseLogger - skip non existing resourceDirectory C:\Users\htzigarov\workspace\addressBook\addressBook\src\test\resources
2016-07-12 08:39:28,742 [Worker-778] INFO  o.e.m.c.i.embedder.EclipseLogger - Using 'UTF-8' encoding to copy filtered resources.
2016-07-12 08:39:28,744 [Worker-778] INFO  o.e.m.c.i.embedder.EclipseLogger - Copying 0 resource
2016-07-12 08:39:28,747 [Worker-778] INFO  o.e.m.c.i.embedder.EclipseLogger - Using 'UTF-8' encoding to copy filtered resources.
2016-07-12 08:39:28,747 [Worker-778] INFO  o.e.m.c.i.embedder.EclipseLogger - skip non existing resourceDirectory C:\Users\htzigarov\workspace\addressBook\addressBook\src\test\resources
2016-07-12 08:39:54,752 [Worker-778] INFO  o.e.m.c.i.embedder.EclipseLogger - Using 'UTF-8' encoding to copy filtered resources.
2016-07-12 08:39:54,753 [Worker-778] INFO  o.e.m.c.i.embedder.EclipseLogger - Copying 0 resource
2016-07-12 08:39:54,756 [Worker-778] INFO  o.e.m.c.i.embedder.EclipseLogger - Using 'UTF-8' encoding to copy filtered resources.
2016-07-12 08:39:54,757 [Worker-778] INFO  o.e.m.c.i.embedder.EclipseLogger - skip non existing resourceDirectory C:\Users\htzigarov\workspace\addressBook\addressBook\src\test\resources
2016-07-12 08:40:04,373 [Worker-785] INFO  o.e.m.c.i.embedder.EclipseLogger - Using 'UTF-8' encoding to copy filtered resources.
2016-07-12 08:40:04,374 [Worker-785] INFO  o.e.m.c.i.embedder.EclipseLogger - Copying 0 resource
2016-07-12 08:40:04,376 [Worker-785] INFO  o.e.m.c.i.embedder.EclipseLogger - Using 'UTF-8' encoding to copy filtered resources.
2016-07-12 08:40:04,376 [Worker-785] INFO  o.e.m.c.i.embedder.EclipseLogger - skip non existing resourceDirectory C:\Users\htzigarov\workspace\addressBook\addressBook\src\test\resources
2016-07-12 08:40:42,099 [Worker-787] INFO  o.e.m.c.i.embedder.EclipseLogger - Using 'UTF-8' encoding to copy filtered resources.
2016-07-12 08:40:42,101 [Worker-787] INFO  o.e.m.c.i.embedder.EclipseLogger - Copying 0 resource
2016-07-12 08:40:42,102 [Worker-787] INFO  o.e.m.c.i.embedder.EclipseLogger - Using 'UTF-8' encoding to copy filtered resources.
2016-07-12 08:40:42,103 [Worker-787] INFO  o.e.m.c.i.embedder.EclipseLogger - skip non existing resourceDirectory C:\Users\htzigarov\workspace\addressBook\addressBook\src\test\resources
2016-07-12 08:40:59,656 [Worker-791] INFO  o.e.m.c.i.embedder.EclipseLogger - Using 'UTF-8' encoding to copy filtered resources.
2016-07-12 08:40:59,657 [Worker-791] INFO  o.e.m.c.i.embedder.EclipseLogger - Copying 0 resource
2016-07-12 08:40:59,658 [Worker-791] INFO  o.e.m.c.i.embedder.EclipseLogger - Using 'UTF-8' encoding to copy filtered resources.
2016-07-12 08:40:59,658 [Worker-791] INFO  o.e.m.c.i.embedder.EclipseLogger - skip non existing resourceDirectory C:\Users\htzigarov\workspace\addressBook\addressBook\src\test\resources
2016-07-12 08:44:38,688 [Worker-792] INFO  o.e.m.c.i.embedder.EclipseLogger - Using 'UTF-8' encoding to copy filtered resources.
2016-07-12 08:44:38,688 [Worker-792] INFO  o.e.m.c.i.embedder.EclipseLogger - Copying 0 resource
2016-07-12 08:44:38,689 [Worker-792] INFO  o.e.m.c.i.embedder.EclipseLogger - Using 'UTF-8' encoding to copy filtered resources.
2016-07-12 08:44:38,689 [Worker-792] INFO  o.e.m.c.i.embedder.EclipseLogger - skip non existing resourceDirectory C:\Users\htzigarov\workspace\addressBook\addressBook\src\test\resources
2016-07-12 08:48:58,613 [Worker-795] INFO  o.e.m.c.i.embedder.EclipseLogger - Using 'UTF-8' encoding to copy filtered resources.
2016-07-12 08:48:58,613 [Worker-795] INFO  o.e.m.c.i.embedder.EclipseLogger - Copying 0 resource
2016-07-12 08:48:58,614 [Worker-795] INFO  o.e.m.c.i.embedder.EclipseLogger - Using 'UTF-8' encoding to copy filtered resources.
2016-07-12 08:48:58,614 [Worker-795] INFO  o.e.m.c.i.embedder.EclipseLogger - skip non existing resourceDirectory C:\Users\htzigarov\workspace\addressBook\addressBook\src\test\resources
2016-07-12 08:51:20,592 [Worker-797] INFO  o.e.m.c.i.embedder.EclipseLogger - Using 'UTF-8' encoding to copy filtered resources.
2016-07-12 08:51:20,593 [Worker-797] INFO  o.e.m.c.i.embedder.EclipseLogger - Copying 0 resource
2016-07-12 08:51:20,594 [Worker-797] INFO  o.e.m.c.i.embedder.EclipseLogger - Using 'UTF-8' encoding to copy filtered resources.
2016-07-12 08:51:20,594 [Worker-797] INFO  o.e.m.c.i.embedder.EclipseLogger - skip non existing resourceDirectory C:\Users\htzigarov\workspace\addressBook\addressBook\src\test\resources
2016-07-12 08:55:08,332 [Worker-795] INFO  o.e.m.c.i.embedder.EclipseLogger - Using 'UTF-8' encoding to copy filtered resources.
2016-07-12 08:55:08,332 [Worker-795] INFO  o.e.m.c.i.embedder.EclipseLogger - Copying 0 resource
2016-07-12 08:55:08,333 [Worker-795] INFO  o.e.m.c.i.embedder.EclipseLogger - Using 'UTF-8' encoding to copy filtered resources.
2016-07-12 08:55:08,333 [Worker-795] INFO  o.e.m.c.i.embedder.EclipseLogger - skip non existing resourceDirectory C:\Users\htzigarov\workspace\addressBook\addressBook\src\test\resources
2016-07-12 08:56:34,927 [Worker-800] INFO  o.e.m.c.i.embedder.EclipseLogger - Using 'UTF-8' encoding to copy filtered resources.
2016-07-12 08:56:34,928 [Worker-800] INFO  o.e.m.c.i.embedder.EclipseLogger - Copying 0 resource
2016-07-12 08:56:34,930 [Worker-800] INFO  o.e.m.c.i.embedder.EclipseLogger - Using 'UTF-8' encoding to copy filtered resources.
2016-07-12 08:56:34,930 [Worker-800] INFO  o.e.m.c.i.embedder.EclipseLogger - skip non existing resourceDirectory C:\Users\htzigarov\workspace\addressBook\addressBook\src\test\resources
2016-07-12 09:21:58,338 [Worker-796] WARN  o.e.r.models.ModelRepository - Failed to download jre:jre:ctor:zip:1.0.0
org.eclipse.aether.resolution.ArtifactResolutionException: Could not transfer artifact jre:jre:zip:ctor:1.0.0-20160630.072510-1 from/to models (http://download.eclipse.org/recommenders/models/neon/): Premature end of Content-Length delimited message body (expected: 318637; received: 92639
	at org.eclipse.aether.internal.impl.DefaultArtifactResolver.resolve(DefaultArtifactResolver.java:444) ~[na:na]
	at org.eclipse.aether.internal.impl.DefaultArtifactResolver.resolveArtifacts(DefaultArtifactResolver.java:246) ~[na:na]
	at org.eclipse.aether.internal.impl.DefaultArtifactResolver.resolveArtifact(DefaultArtifactResolver.java:223) ~[na:na]
	at org.eclipse.aether.internal.impl.DefaultRepositorySystem.resolveArtifact(DefaultRepositorySystem.java:294) ~[na:na]
	at org.eclipse.recommenders.models.ModelRepository.resolveInternal(ModelRepository.java:220) [org.eclipse.recommenders.models_2.4.0.v20160607-1609.jar:na]
	at org.eclipse.recommenders.models.ModelRepository.resolve(ModelRepository.java:199) [org.eclipse.recommenders.models_2.4.0.v20160607-1609.jar:na]
	at org.eclipse.recommenders.internal.models.rcp.EclipseModelRepository.resolve(EclipseModelRepository.java:165) [org.eclipse.recommenders.models.rcp_2.4.0.v20160607-1609.jar:na]
	at org.eclipse.recommenders.internal.models.rcp.DownloadModelArchiveJob.run(DownloadModelArchiveJob.java:76) [org.eclipse.recommenders.models.rcp_2.4.0.v20160607-1609.jar:na]
	at org.eclipse.core.internal.jobs.Worker.run(Worker.java:55) [org.eclipse.core.jobs_3.8.0.v20160509-0411.jar:na]
Caused by: org.eclipse.aether.transfer.ArtifactTransferException: Could not transfer artifact jre:jre:zip:ctor:1.0.0-20160630.072510-1 from/to models (http://download.eclipse.org/recommenders/models/neon/): Premature end of Content-Length delimited message body (expected: 318637; received: 92639
	at org.eclipse.aether.connector.basic.ArtifactTransportListener.transferFailed(ArtifactTransportListener.java:43) ~[org.eclipse.aether.connector.basic_1.0.1.v20141111.jar:na]
	at org.eclipse.aether.connector.basic.BasicRepositoryConnector$TaskRunner.run(BasicRepositoryConnector.java:355) ~[org.eclipse.aether.connector.basic_1.0.1.v20141111.jar:na]
	at org.eclipse.aether.util.concurrency.RunnableErrorForwarder$1.run(RunnableErrorForwarder.java:67) ~[na:na]
	at org.eclipse.aether.connector.basic.BasicRepositoryConnector$DirectExecutor.execute(BasicRepositoryConnector.java:581) ~[org.eclipse.aether.connector.basic_1.0.1.v20141111.jar:na]
	at org.eclipse.aether.connector.basic.BasicRepositoryConnector.get(BasicRepositoryConnector.java:249) ~[org.eclipse.aether.connector.basic_1.0.1.v20141111.jar:na]
	at org.eclipse.aether.internal.impl.DefaultArtifactResolver.performDownloads(DefaultArtifactResolver.java:520) ~[na:na]
	at org.eclipse.aether.internal.impl.DefaultArtifactResolver.resolve(DefaultArtifactResolver.java:421) ~[na:na]
	... 8 common frames omitted
Caused by: org.apache.http.ConnectionClosedException: Premature end of Content-Length delimited message body (expected: 318637; received: 92639
	at org.apache.http.impl.io.ContentLengthInputStream.read(ContentLengthInputStream.java:180) ~[na:na]
	at org.apache.http.conn.EofSensorInputStream.read(EofSensorInputStream.java:137) ~[na:na]
	at org.apache.http.conn.EofSensorInputStream.read(EofSensorInputStream.java:150) ~[na:na]
	at org.eclipse.aether.spi.connector.transport.AbstractTransporter.copy(AbstractTransporter.java:200) ~[org.eclipse.aether.spi_1.0.1.v20141111.jar:na]
	at org.eclipse.aether.spi.connector.transport.AbstractTransporter.utilGet(AbstractTransporter.java:96) ~[org.eclipse.aether.spi_1.0.1.v20141111.jar:na]
	at org.eclipse.aether.transport.http.HttpTransporter.access$100(HttpTransporter.java:72) ~[org.eclipse.aether.transport.http_1.0.1.v20141111.jar:na]
	at org.eclipse.aether.transport.http.HttpTransporter$EntityGetter.handle(HttpTransporter.java:516) ~[org.eclipse.aether.transport.http_1.0.1.v20141111.jar:na]
	at org.eclipse.aether.transport.http.HttpTransporter.execute(HttpTransporter.java:294) ~[org.eclipse.aether.transport.http_1.0.1.v20141111.jar:na]
	at org.eclipse.aether.transport.http.HttpTransporter.implGet(HttpTransporter.java:243) ~[org.eclipse.aether.transport.http_1.0.1.v20141111.jar:na]
	at org.eclipse.aether.spi.connector.transport.AbstractTransporter.get(AbstractTransporter.java:59) ~[org.eclipse.aether.spi_1.0.1.v20141111.jar:na]
	at org.eclipse.aether.connector.basic.BasicRepositoryConnector$GetTaskRunner.runTask(BasicRepositoryConnector.java:447) ~[org.eclipse.aether.connector.basic_1.0.1.v20141111.jar:na]
	at org.eclipse.aether.connector.basic.BasicRepositoryConnector$TaskRunner.run(BasicRepositoryConnector.java:350) ~[org.eclipse.aether.connector.basic_1.0.1.v20141111.jar:na]
	... 13 common frames omitted
2016-07-12 09:43:23,024 [Worker-817] INFO  o.e.m.c.i.embedder.EclipseLogger - Using 'UTF-8' encoding to copy filtered resources.
2016-07-12 09:43:23,025 [Worker-817] INFO  o.e.m.c.i.embedder.EclipseLogger - Copying 0 resource
2016-07-12 09:43:23,025 [Worker-817] INFO  o.e.m.c.i.embedder.EclipseLogger - Using 'UTF-8' encoding to copy filtered resources.
2016-07-12 09:43:23,025 [Worker-817] INFO  o.e.m.c.i.embedder.EclipseLogger - skip non existing resourceDirectory C:\Users\htzigarov\workspace\addressBook\addressBook\src\test\resources
2016-07-12 10:22:46,828 [Worker-840] INFO  o.e.m.c.i.embedder.EclipseLogger - Using 'UTF-8' encoding to copy filtered resources.
2016-07-12 10:22:46,829 [Worker-840] INFO  o.e.m.c.i.embedder.EclipseLogger - Copying 0 resource
2016-07-12 10:22:46,830 [Worker-840] INFO  o.e.m.c.i.embedder.EclipseLogger - Using 'UTF-8' encoding to copy filtered resources.
2016-07-12 10:22:46,831 [Worker-840] INFO  o.e.m.c.i.embedder.EclipseLogger - skip non existing resourceDirectory C:\Users\htzigarov\workspace\addressBook\addressBook\src\test\resources
2016-07-12 10:32:45,714 [Worker-846] INFO  o.e.m.c.i.embedder.EclipseLogger - Using 'UTF-8' encoding to copy filtered resources.
2016-07-12 10:32:45,715 [Worker-846] INFO  o.e.m.c.i.embedder.EclipseLogger - Copying 0 resource
2016-07-12 10:32:45,716 [Worker-846] INFO  o.e.m.c.i.embedder.EclipseLogger - Using 'UTF-8' encoding to copy filtered resources.
2016-07-12 10:32:45,716 [Worker-846] INFO  o.e.m.c.i.embedder.EclipseLogger - skip non existing resourceDirectory C:\Users\htzigarov\workspace\addressBook\addressBook\src\test\resources
2016-07-12 10:33:12,062 [Worker-836] INFO  o.e.m.c.i.embedder.EclipseLogger - Using 'UTF-8' encoding to copy filtered resources.
2016-07-12 10:33:12,062 [Worker-836] INFO  o.e.m.c.i.embedder.EclipseLogger - Copying 0 resource
2016-07-12 10:33:12,063 [Worker-836] INFO  o.e.m.c.i.embedder.EclipseLogger - Using 'UTF-8' encoding to copy filtered resources.
2016-07-12 10:33:12,063 [Worker-836] INFO  o.e.m.c.i.embedder.EclipseLogger - skip non existing resourceDirectory C:\Users\htzigarov\workspace\addressBook\addressBook\src\test\resources
2016-07-12 10:34:30,976 [Worker-847] INFO  o.e.m.c.i.embedder.EclipseLogger - Using 'UTF-8' encoding to copy filtered resources.
2016-07-12 10:34:30,977 [Worker-847] INFO  o.e.m.c.i.embedder.EclipseLogger - Copying 0 resource
2016-07-12 10:34:30,978 [Worker-847] INFO  o.e.m.c.i.embedder.EclipseLogger - Using 'UTF-8' encoding to copy filtered resources.
2016-07-12 10:34:30,978 [Worker-847] INFO  o.e.m.c.i.embedder.EclipseLogger - skip non existing resourceDirectory C:\Users\htzigarov\workspace\addressBook\addressBook\src\test\resources
2016-07-12 10:35:16,699 [Worker-848] INFO  o.e.m.c.i.embedder.EclipseLogger - Using 'UTF-8' encoding to copy filtered resources.
2016-07-12 10:35:16,700 [Worker-848] INFO  o.e.m.c.i.embedder.EclipseLogger - Copying 0 resource
2016-07-12 10:35:16,701 [Worker-848] INFO  o.e.m.c.i.embedder.EclipseLogger - Using 'UTF-8' encoding to copy filtered resources.
2016-07-12 10:35:16,702 [Worker-848] INFO  o.e.m.c.i.embedder.EclipseLogger - skip non existing resourceDirectory C:\Users\htzigarov\workspace\addressBook\addressBook\src\test\resources
2016-07-12 10:36:21,515 [Worker-848] INFO  o.e.m.c.i.embedder.EclipseLogger - Using 'UTF-8' encoding to copy filtered resources.
2016-07-12 10:36:21,515 [Worker-848] INFO  o.e.m.c.i.embedder.EclipseLogger - Copying 0 resource
2016-07-12 10:36:21,516 [Worker-848] INFO  o.e.m.c.i.embedder.EclipseLogger - Using 'UTF-8' encoding to copy filtered resources.
2016-07-12 10:36:21,516 [Worker-848] INFO  o.e.m.c.i.embedder.EclipseLogger - skip non existing resourceDirectory C:\Users\htzigarov\workspace\addressBook\addressBook\src\test\resources
2016-07-12 10:45:39,628 [Worker-846] INFO  o.e.m.c.i.embedder.EclipseLogger - Using 'UTF-8' encoding to copy filtered resources.
2016-07-12 10:45:39,629 [Worker-846] INFO  o.e.m.c.i.embedder.EclipseLogger - Copying 0 resource
2016-07-12 10:45:39,630 [Worker-846] INFO  o.e.m.c.i.embedder.EclipseLogger - Using 'UTF-8' encoding to copy filtered resources.
2016-07-12 10:45:39,631 [Worker-846] INFO  o.e.m.c.i.embedder.EclipseLogger - skip non existing resourceDirectory C:\Users\htzigarov\workspace\addressBook\addressBook\src\test\resources
2016-07-12 10:50:02,674 [Worker-852] INFO  o.e.m.c.i.embedder.EclipseLogger - Using 'UTF-8' encoding to copy filtered resources.
2016-07-12 10:50:02,674 [Worker-852] INFO  o.e.m.c.i.embedder.EclipseLogger - Copying 0 resource
2016-07-12 10:50:02,676 [Worker-852] INFO  o.e.m.c.i.embedder.EclipseLogger - Using 'UTF-8' encoding to copy filtered resources.
2016-07-12 10:50:02,676 [Worker-852] INFO  o.e.m.c.i.embedder.EclipseLogger - skip non existing resourceDirectory C:\Users\htzigarov\workspace\addressBook\addressBook\src\test\resources
2016-07-12 10:52:03,049 [Worker-852] INFO  o.e.m.c.i.embedder.EclipseLogger - Using 'UTF-8' encoding to copy filtered resources.
2016-07-12 10:52:03,050 [Worker-852] INFO  o.e.m.c.i.embedder.EclipseLogger - Copying 0 resource
2016-07-12 10:52:03,050 [Worker-852] INFO  o.e.m.c.i.embedder.EclipseLogger - Using 'UTF-8' encoding to copy filtered resources.
2016-07-12 10:52:03,050 [Worker-852] INFO  o.e.m.c.i.embedder.EclipseLogger - skip non existing resourceDirectory C:\Users\htzigarov\workspace\addressBook\addressBook\src\test\resources
2016-07-12 10:52:22,497 [Worker-853] INFO  o.e.m.c.i.embedder.EclipseLogger - Using 'UTF-8' encoding to copy filtered resources.
2016-07-12 10:52:22,498 [Worker-853] INFO  o.e.m.c.i.embedder.EclipseLogger - Copying 0 resource
2016-07-12 10:52:22,500 [Worker-853] INFO  o.e.m.c.i.embedder.EclipseLogger - Using 'UTF-8' encoding to copy filtered resources.
2016-07-12 10:52:22,500 [Worker-853] INFO  o.e.m.c.i.embedder.EclipseLogger - skip non existing resourceDirectory C:\Users\htzigarov\workspace\addressBook\addressBook\src\test\resources
2016-07-12 10:55:34,793 [Worker-846] INFO  o.e.m.c.i.embedder.EclipseLogger - Using 'UTF-8' encoding to copy filtered resources.
2016-07-12 10:55:34,793 [Worker-846] INFO  o.e.m.c.i.embedder.EclipseLogger - Copying 0 resource
2016-07-12 10:55:34,795 [Worker-846] INFO  o.e.m.c.i.embedder.EclipseLogger - Using 'UTF-8' encoding to copy filtered resources.
2016-07-12 10:55:34,795 [Worker-846] INFO  o.e.m.c.i.embedder.EclipseLogger - skip non existing resourceDirectory C:\Users\htzigarov\workspace\addressBook\addressBook\src\test\resources
2016-07-12 10:58:27,272 [Worker-847] INFO  o.e.m.c.i.embedder.EclipseLogger - Using 'UTF-8' encoding to copy filtered resources.
2016-07-12 10:58:27,273 [Worker-847] INFO  o.e.m.c.i.embedder.EclipseLogger - Copying 0 resource
2016-07-12 10:58:27,274 [Worker-847] INFO  o.e.m.c.i.embedder.EclipseLogger - Using 'UTF-8' encoding to copy filtered resources.
2016-07-12 10:58:27,275 [Worker-847] INFO  o.e.m.c.i.embedder.EclipseLogger - skip non existing resourceDirectory C:\Users\htzigarov\workspace\addressBook\addressBook\src\test\resources
2016-07-12 10:59:43,985 [Worker-855] INFO  o.e.m.c.i.embedder.EclipseLogger - Using 'UTF-8' encoding to copy filtered resources.
2016-07-12 10:59:43,986 [Worker-855] INFO  o.e.m.c.i.embedder.EclipseLogger - Copying 0 resource
2016-07-12 10:59:43,987 [Worker-855] INFO  o.e.m.c.i.embedder.EclipseLogger - Using 'UTF-8' encoding to copy filtered resources.
2016-07-12 10:59:43,987 [Worker-855] INFO  o.e.m.c.i.embedder.EclipseLogger - skip non existing resourceDirectory C:\Users\htzigarov\workspace\addressBook\addressBook\src\test\resources
2016-07-12 11:00:20,782 [Worker-859] INFO  o.e.m.c.i.embedder.EclipseLogger - Using 'UTF-8' encoding to copy filtered resources.
2016-07-12 11:00:20,783 [Worker-859] INFO  o.e.m.c.i.embedder.EclipseLogger - Copying 0 resource
2016-07-12 11:00:20,784 [Worker-859] INFO  o.e.m.c.i.embedder.EclipseLogger - Using 'UTF-8' encoding to copy filtered resources.
2016-07-12 11:00:20,784 [Worker-859] INFO  o.e.m.c.i.embedder.EclipseLogger - skip non existing resourceDirectory C:\Users\htzigarov\workspace\addressBook\addressBook\src\test\resources
2016-07-12 11:01:44,893 [Worker-860] INFO  o.e.m.c.i.embedder.EclipseLogger - Using 'UTF-8' encoding to copy filtered resources.
2016-07-12 11:01:44,893 [Worker-860] INFO  o.e.m.c.i.embedder.EclipseLogger - Copying 0 resource
2016-07-12 11:01:44,894 [Worker-860] INFO  o.e.m.c.i.embedder.EclipseLogger - Using 'UTF-8' encoding to copy filtered resources.
2016-07-12 11:01:44,894 [Worker-860] INFO  o.e.m.c.i.embedder.EclipseLogger - skip non existing resourceDirectory C:\Users\htzigarov\workspace\addressBook\addressBook\src\test\resources
2016-07-12 11:02:03,749 [Worker-859] INFO  o.e.m.c.i.embedder.EclipseLogger - Using 'UTF-8' encoding to copy filtered resources.
2016-07-12 11:02:03,749 [Worker-859] INFO  o.e.m.c.i.embedder.EclipseLogger - Copying 0 resource
2016-07-12 11:02:03,750 [Worker-859] INFO  o.e.m.c.i.embedder.EclipseLogger - Using 'UTF-8' encoding to copy filtered resources.
2016-07-12 11:02:03,751 [Worker-859] INFO  o.e.m.c.i.embedder.EclipseLogger - skip non existing resourceDirectory C:\Users\htzigarov\workspace\addressBook\addressBook\src\test\resources
2016-07-12 11:02:28,665 [Worker-860] INFO  o.e.m.c.i.embedder.EclipseLogger - Using 'UTF-8' encoding to copy filtered resources.
2016-07-12 11:02:28,666 [Worker-860] INFO  o.e.m.c.i.embedder.EclipseLogger - Copying 0 resource
2016-07-12 11:02:28,668 [Worker-860] INFO  o.e.m.c.i.embedder.EclipseLogger - Using 'UTF-8' encoding to copy filtered resources.
2016-07-12 11:02:28,668 [Worker-860] INFO  o.e.m.c.i.embedder.EclipseLogger - skip non existing resourceDirectory C:\Users\htzigarov\workspace\addressBook\addressBook\src\test\resources
2016-07-12 11:03:52,055 [Worker-861] INFO  o.e.m.c.i.embedder.EclipseLogger - Using 'UTF-8' encoding to copy filtered resources.
2016-07-12 11:03:52,056 [Worker-861] INFO  o.e.m.c.i.embedder.EclipseLogger - Copying 0 resource
2016-07-12 11:03:52,056 [Worker-861] INFO  o.e.m.c.i.embedder.EclipseLogger - Using 'UTF-8' encoding to copy filtered resources.
2016-07-12 11:03:52,057 [Worker-861] INFO  o.e.m.c.i.embedder.EclipseLogger - skip non existing resourceDirectory C:\Users\htzigarov\workspace\addressBook\addressBook\src\test\resources
2016-07-12 11:05:09,001 [Worker-853] INFO  o.e.m.c.i.embedder.EclipseLogger - Using 'UTF-8' encoding to copy filtered resources.
2016-07-12 11:05:09,002 [Worker-853] INFO  o.e.m.c.i.embedder.EclipseLogger - Copying 0 resource
2016-07-12 11:05:09,003 [Worker-853] INFO  o.e.m.c.i.embedder.EclipseLogger - Using 'UTF-8' encoding to copy filtered resources.
2016-07-12 11:05:09,003 [Worker-853] INFO  o.e.m.c.i.embedder.EclipseLogger - skip non existing resourceDirectory C:\Users\htzigarov\workspace\addressBook\addressBook\src\test\resources
2016-07-12 11:10:35,613 [Worker-864] INFO  o.e.m.c.i.embedder.EclipseLogger - Using 'UTF-8' encoding to copy filtered resources.
2016-07-12 11:10:35,613 [Worker-864] INFO  o.e.m.c.i.embedder.EclipseLogger - Copying 0 resource
2016-07-12 11:10:35,614 [Worker-864] INFO  o.e.m.c.i.embedder.EclipseLogger - Using 'UTF-8' encoding to copy filtered resources.
2016-07-12 11:10:35,614 [Worker-864] INFO  o.e.m.c.i.embedder.EclipseLogger - skip non existing resourceDirectory C:\Users\htzigarov\workspace\addressBook\addressBook\src\test\resources
2016-07-12 11:17:01,132 [Worker-876] INFO  o.e.m.c.i.embedder.EclipseLogger - Using 'UTF-8' encoding to copy filtered resources.
2016-07-12 11:17:01,133 [Worker-876] INFO  o.e.m.c.i.embedder.EclipseLogger - Copying 0 resource
2016-07-12 11:17:01,134 [Worker-876] INFO  o.e.m.c.i.embedder.EclipseLogger - Using 'UTF-8' encoding to copy filtered resources.
2016-07-12 11:17:01,134 [Worker-876] INFO  o.e.m.c.i.embedder.EclipseLogger - skip non existing resourceDirectory C:\Users\htzigarov\workspace\addressBook\addressBook\src\test\resources
2016-07-12 12:31:36,293 [Worker-908] INFO  o.e.m.c.i.p.ProjectConfigurationManager - Collecting project info '/pom.xml' C:\Users\htzigarov\workspace\addressBook\start\pom.xml
2016-07-12 12:31:36,382 [Worker-908] INFO  o.e.m.c.i.l.LifecycleMappingFactory - Using org.maven.ide.eclipse.wtp.WarLifecycleMapping lifecycle mapping for MavenProject: com.jerseytest:start:0.0.1-SNAPSHOT @ C:\Users\htzigarov\workspace\addressBook\start\pom.xml.
2016-07-12 12:31:36,616 [Worker-908] INFO  o.e.m.j.i.AbstractJavaProjectConfigurator - Adding source folder /start/src/main/java
2016-07-12 12:31:36,616 [Worker-908] INFO  o.e.m.j.i.AbstractJavaProjectConfigurator - Adding resource folder /start/src/main/resources
2016-07-12 12:31:36,619 [Worker-908] INFO  o.e.m.j.i.AbstractJavaProjectConfigurator - Adding source folder /start/src/test/java
2016-07-12 12:31:37,005 [Worker-908] INFO  o.e.m.c.i.p.ProjectConfigurationManager - Imported and configured 1 project(s) in 0 sec
2016-07-12 12:31:37,436 [Worker-933] INFO  o.e.m.c.i.embedder.EclipseLogger - Using 'UTF-8' encoding to copy filtered resources.
2016-07-12 12:31:37,436 [Worker-933] INFO  o.e.m.c.i.embedder.EclipseLogger - Copying 0 resource
2016-07-12 12:31:37,438 [Worker-933] INFO  o.e.m.c.i.embedder.EclipseLogger - Using 'UTF-8' encoding to copy filtered resources.
2016-07-12 12:31:37,438 [Worker-933] INFO  o.e.m.c.i.embedder.EclipseLogger - skip non existing resourceDirectory C:\Users\htzigarov\workspace\addressBook\start\src\test\resources
2016-07-12 12:31:38,525 [Worker-933] INFO  o.e.m.c.i.embedder.EclipseLogger - Using 'UTF-8' encoding to copy filtered resources.
2016-07-12 12:31:38,526 [Worker-933] INFO  o.e.m.c.i.embedder.EclipseLogger - Copying 0 resource
2016-07-12 12:31:38,526 [Worker-933] INFO  o.e.m.c.i.embedder.EclipseLogger - Using 'UTF-8' encoding to copy filtered resources.
2016-07-12 12:31:38,526 [Worker-933] INFO  o.e.m.c.i.embedder.EclipseLogger - skip non existing resourceDirectory C:\Users\htzigarov\workspace\addressBook\start\src\test\resources
2016-07-12 12:33:29,347 [Worker-934] INFO  o.e.m.c.i.p.ProjectConfigurationManager - Collecting project info '/pom.xml' C:\Users\htzigarov\workspace\addressBook\tutorial\pom.xml
2016-07-12 12:33:29,406 [Worker-934] INFO  o.e.m.c.i.l.LifecycleMappingFactory - Using org.maven.ide.eclipse.wtp.WarLifecycleMapping lifecycle mapping for MavenProject: com.jerseytest:tutorial:0.0.1-SNAPSHOT @ C:\Users\htzigarov\workspace\addressBook\tutorial\pom.xml.
2016-07-12 12:33:29,563 [Worker-934] INFO  o.e.m.j.i.AbstractJavaProjectConfigurator - Adding source folder /tutorial/src/main/java
2016-07-12 12:33:29,563 [Worker-934] INFO  o.e.m.j.i.AbstractJavaProjectConfigurator - Adding resource folder /tutorial/src/main/resources
2016-07-12 12:33:29,567 [Worker-934] INFO  o.e.m.j.i.AbstractJavaProjectConfigurator - Adding source folder /tutorial/src/test/java
2016-07-12 12:33:29,899 [Worker-934] INFO  o.e.m.c.i.p.ProjectConfigurationManager - Imported and configured 1 project(s) in 0 sec
2016-07-12 12:33:30,229 [Worker-938] INFO  o.e.m.c.i.embedder.EclipseLogger - Using 'UTF-8' encoding to copy filtered resources.
2016-07-12 12:33:30,230 [Worker-938] INFO  o.e.m.c.i.embedder.EclipseLogger - Copying 0 resource
2016-07-12 12:33:30,230 [Worker-938] INFO  o.e.m.c.i.embedder.EclipseLogger - Using 'UTF-8' encoding to copy filtered resources.
2016-07-12 12:33:30,230 [Worker-938] INFO  o.e.m.c.i.embedder.EclipseLogger - skip non existing resourceDirectory C:\Users\htzigarov\workspace\addressBook\tutorial\src\test\resources
2016-07-12 12:33:31,322 [Worker-933] INFO  o.e.m.c.i.embedder.EclipseLogger - Using 'UTF-8' encoding to copy filtered resources.
2016-07-12 12:33:31,322 [Worker-933] INFO  o.e.m.c.i.embedder.EclipseLogger - Copying 0 resource
2016-07-12 12:33:31,323 [Worker-933] INFO  o.e.m.c.i.embedder.EclipseLogger - Using 'UTF-8' encoding to copy filtered resources.
2016-07-12 12:33:31,324 [Worker-933] INFO  o.e.m.c.i.embedder.EclipseLogger - skip non existing resourceDirectory C:\Users\htzigarov\workspace\addressBook\tutorial\src\test\resources
2016-07-12 12:36:01,961 [Worker-943] INFO  o.e.m.c.i.p.ProjectConfigurationManager - Collecting project info '/pom.xml' C:\Users\htzigarov\workspace\addressBook\my-test-project\pom.xml
2016-07-12 12:36:02,027 [Worker-943] INFO  o.e.m.c.i.l.LifecycleMappingFactory - Using org.maven.ide.eclipse.wtp.WarLifecycleMapping lifecycle mapping for MavenProject: com.jerseytest:my-test-project:0.0.1-SNAPSHOT @ C:\Users\htzigarov\workspace\addressBook\my-test-project\pom.xml.
2016-07-12 12:36:02,203 [Worker-943] INFO  o.e.m.j.i.AbstractJavaProjectConfigurator - Adding source folder /my-test-project/src/main/java
2016-07-12 12:36:02,203 [Worker-943] INFO  o.e.m.j.i.AbstractJavaProjectConfigurator - Adding resource folder /my-test-project/src/main/resources
2016-07-12 12:36:02,206 [Worker-943] INFO  o.e.m.j.i.AbstractJavaProjectConfigurator - Adding source folder /my-test-project/src/test/java
2016-07-12 12:36:02,514 [Worker-943] INFO  o.e.m.c.i.p.ProjectConfigurationManager - Imported and configured 1 project(s) in 0 sec
2016-07-12 12:36:02,829 [Worker-944] INFO  o.e.m.c.i.embedder.EclipseLogger - Using 'UTF-8' encoding to copy filtered resources.
2016-07-12 12:36:02,830 [Worker-944] INFO  o.e.m.c.i.embedder.EclipseLogger - Copying 0 resource
2016-07-12 12:36:02,831 [Worker-944] INFO  o.e.m.c.i.embedder.EclipseLogger - Using 'UTF-8' encoding to copy filtered resources.
2016-07-12 12:36:02,831 [Worker-944] INFO  o.e.m.c.i.embedder.EclipseLogger - skip non existing resourceDirectory C:\Users\htzigarov\workspace\addressBook\my-test-project\src\test\resources
2016-07-12 12:36:03,926 [Worker-944] INFO  o.e.m.c.i.embedder.EclipseLogger - Using 'UTF-8' encoding to copy filtered resources.
2016-07-12 12:36:03,926 [Worker-944] INFO  o.e.m.c.i.embedder.EclipseLogger - Copying 0 resource
2016-07-12 12:36:03,928 [Worker-944] INFO  o.e.m.c.i.embedder.EclipseLogger - Using 'UTF-8' encoding to copy filtered resources.
2016-07-12 12:36:03,928 [Worker-944] INFO  o.e.m.c.i.embedder.EclipseLogger - skip non existing resourceDirectory C:\Users\htzigarov\workspace\addressBook\my-test-project\src\test\resources
2016-07-12 12:37:19,805 [Worker-948] INFO  o.e.m.c.i.embedder.EclipseLogger - Using 'UTF-8' encoding to copy filtered resources.
2016-07-12 12:37:19,806 [Worker-948] INFO  o.e.m.c.i.embedder.EclipseLogger - Copying 0 resource
2016-07-12 12:37:19,807 [Worker-948] INFO  o.e.m.c.i.embedder.EclipseLogger - Using 'UTF-8' encoding to copy filtered resources.
2016-07-12 12:37:19,807 [Worker-948] INFO  o.e.m.c.i.embedder.EclipseLogger - skip non existing resourceDirectory C:\Users\htzigarov\workspace\addressBook\addressBook\src\test\resources
2016-07-12 12:38:27,073 [Worker-947] INFO  o.e.m.c.i.embedder.EclipseLogger - Using 'UTF-8' encoding to copy filtered resources.
2016-07-12 12:38:27,073 [Worker-947] INFO  o.e.m.c.i.embedder.EclipseLogger - Copying 0 resource
2016-07-12 12:38:27,077 [Worker-947] INFO  o.e.m.c.i.embedder.EclipseLogger - Using 'UTF-8' encoding to copy filtered resources.
2016-07-12 12:38:27,077 [Worker-947] INFO  o.e.m.c.i.embedder.EclipseLogger - skip non existing resourceDirectory C:\Users\htzigarov\workspace\addressBook\addressBook\src\test\resources
2016-07-12 12:39:02,729 [Worker-948] INFO  o.e.m.c.i.embedder.EclipseLogger - Using 'UTF-8' encoding to copy filtered resources.
2016-07-12 12:39:02,729 [Worker-948] INFO  o.e.m.c.i.embedder.EclipseLogger - Copying 0 resource
2016-07-12 12:39:02,730 [Worker-948] INFO  o.e.m.c.i.embedder.EclipseLogger - Using 'UTF-8' encoding to copy filtered resources.
2016-07-12 12:39:02,730 [Worker-948] INFO  o.e.m.c.i.embedder.EclipseLogger - skip non existing resourceDirectory C:\Users\htzigarov\workspace\addressBook\my-test-project\src\test\resources
2016-07-12 12:41:15,805 [Worker-951] INFO  o.e.m.c.i.embedder.EclipseLogger - Using 'UTF-8' encoding to copy filtered resources.
2016-07-12 12:41:15,806 [Worker-951] INFO  o.e.m.c.i.embedder.EclipseLogger - Copying 0 resource
2016-07-12 12:41:15,806 [Worker-951] INFO  o.e.m.c.i.embedder.EclipseLogger - Using 'UTF-8' encoding to copy filtered resources.
2016-07-12 12:41:15,807 [Worker-951] INFO  o.e.m.c.i.embedder.EclipseLogger - skip non existing resourceDirectory C:\Users\htzigarov\workspace\addressBook\my-test-project\src\test\resources
2016-07-12 13:01:14,966 [Worker-965] INFO  o.e.m.c.i.embedder.EclipseLogger - Using 'UTF-8' encoding to copy filtered resources.
2016-07-12 13:01:14,966 [Worker-965] INFO  o.e.m.c.i.embedder.EclipseLogger - Copying 0 resource
2016-07-12 13:01:14,968 [Worker-965] INFO  o.e.m.c.i.embedder.EclipseLogger - Using 'UTF-8' encoding to copy filtered resources.
2016-07-12 13:01:14,968 [Worker-965] INFO  o.e.m.c.i.embedder.EclipseLogger - skip non existing resourceDirectory C:\Users\htzigarov\workspace\addressBook\addressBook\src\test\resources
2016-07-12 13:07:38,617 [Worker-971] INFO  o.e.m.c.i.embedder.EclipseLogger - Using 'UTF-8' encoding to copy filtered resources.
2016-07-12 13:07:38,618 [Worker-971] INFO  o.e.m.c.i.embedder.EclipseLogger - Copying 0 resource
2016-07-12 13:07:38,619 [Worker-971] INFO  o.e.m.c.i.embedder.EclipseLogger - Using 'UTF-8' encoding to copy filtered resources.
2016-07-12 13:07:38,619 [Worker-971] INFO  o.e.m.c.i.embedder.EclipseLogger - skip non existing resourceDirectory C:\Users\htzigarov\workspace\addressBook\my-test-project\src\test\resources
2016-07-12 13:07:43,855 [Worker-955] INFO  o.e.m.c.i.embedder.EclipseLogger - Using 'UTF-8' encoding to copy filtered resources.
2016-07-12 13:07:43,856 [Worker-955] INFO  o.e.m.c.i.embedder.EclipseLogger - Copying 0 resource
2016-07-12 13:07:43,856 [Worker-955] INFO  o.e.m.c.i.embedder.EclipseLogger - Using 'UTF-8' encoding to copy filtered resources.
2016-07-12 13:07:43,857 [Worker-955] INFO  o.e.m.c.i.embedder.EclipseLogger - skip non existing resourceDirectory C:\Users\htzigarov\workspace\addressBook\my-test-project\src\test\resources
2016-07-12 13:08:47,501 [Worker-965] INFO  o.e.m.c.i.embedder.EclipseLogger - Using 'UTF-8' encoding to copy filtered resources.
2016-07-12 13:08:47,502 [Worker-965] INFO  o.e.m.c.i.embedder.EclipseLogger - Copying 0 resource
2016-07-12 13:08:47,504 [Worker-965] INFO  o.e.m.c.i.embedder.EclipseLogger - Using 'UTF-8' encoding to copy filtered resources.
2016-07-12 13:08:47,504 [Worker-965] INFO  o.e.m.c.i.embedder.EclipseLogger - skip non existing resourceDirectory C:\Users\htzigarov\workspace\addressBook\my-test-project\src\test\resources
2016-07-12 13:09:30,587 [Worker-963] INFO  o.e.m.c.i.embedder.EclipseLogger - Using 'UTF-8' encoding to copy filtered resources.
2016-07-12 13:09:30,587 [Worker-963] INFO  o.e.m.c.i.embedder.EclipseLogger - Copying 0 resource
2016-07-12 13:09:30,588 [Worker-963] INFO  o.e.m.c.i.embedder.EclipseLogger - Using 'UTF-8' encoding to copy filtered resources.
2016-07-12 13:09:30,588 [Worker-963] INFO  o.e.m.c.i.embedder.EclipseLogger - skip non existing resourceDirectory C:\Users\htzigarov\workspace\addressBook\my-test-project\src\test\resources
2016-07-12 13:29:59,945 [Worker-987] INFO  o.e.m.c.i.embedder.EclipseLogger - Using 'UTF-8' encoding to copy filtered resources.
2016-07-12 13:29:59,945 [Worker-987] INFO  o.e.m.c.i.embedder.EclipseLogger - Copying 0 resource
2016-07-12 13:29:59,947 [Worker-987] INFO  o.e.m.c.i.embedder.EclipseLogger - Using 'UTF-8' encoding to copy filtered resources.
2016-07-12 13:29:59,947 [Worker-987] INFO  o.e.m.c.i.embedder.EclipseLogger - skip non existing resourceDirectory C:\Users\htzigarov\workspace\addressBook\my-test-project\src\test\resources
2016-07-12 13:36:32,047 [Worker-992] INFO  o.e.m.c.i.embedder.EclipseLogger - Using 'UTF-8' encoding to copy filtered resources.
2016-07-12 13:36:32,048 [Worker-992] INFO  o.e.m.c.i.embedder.EclipseLogger - Copying 0 resource
2016-07-12 13:36:32,049 [Worker-992] INFO  o.e.m.c.i.embedder.EclipseLogger - Using 'UTF-8' encoding to copy filtered resources.
2016-07-12 13:36:32,049 [Worker-992] INFO  o.e.m.c.i.embedder.EclipseLogger - skip non existing resourceDirectory C:\Users\htzigarov\workspace\addressBook\my-test-project\src\test\resources
2016-07-12 13:37:06,195 [Worker-991] INFO  o.e.m.c.i.embedder.EclipseLogger - Using 'UTF-8' encoding to copy filtered resources.
2016-07-12 13:37:06,196 [Worker-991] INFO  o.e.m.c.i.embedder.EclipseLogger - Copying 0 resource
2016-07-12 13:37:06,198 [Worker-991] INFO  o.e.m.c.i.embedder.EclipseLogger - Using 'UTF-8' encoding to copy filtered resources.
2016-07-12 13:37:06,198 [Worker-991] INFO  o.e.m.c.i.embedder.EclipseLogger - skip non existing resourceDirectory C:\Users\htzigarov\workspace\addressBook\my-test-project\src\test\resources
2016-07-12 13:45:20,492 [Worker-1000] INFO  o.e.m.c.i.embedder.EclipseLogger - Using 'UTF-8' encoding to copy filtered resources.
2016-07-12 13:45:20,493 [Worker-1000] INFO  o.e.m.c.i.embedder.EclipseLogger - Copying 0 resource
2016-07-12 13:45:20,494 [Worker-1000] INFO  o.e.m.c.i.embedder.EclipseLogger - Using 'UTF-8' encoding to copy filtered resources.
2016-07-12 13:45:20,494 [Worker-1000] INFO  o.e.m.c.i.embedder.EclipseLogger - skip non existing resourceDirectory C:\Users\htzigarov\workspace\addressBook\my-test-project\src\test\resources
2016-07-12 13:48:49,846 [Worker-999] INFO  o.e.m.c.i.embedder.EclipseLogger - Using 'UTF-8' encoding to copy filtered resources.
2016-07-12 13:48:49,847 [Worker-999] INFO  o.e.m.c.i.embedder.EclipseLogger - Copying 0 resource
2016-07-12 13:48:49,847 [Worker-999] INFO  o.e.m.c.i.embedder.EclipseLogger - Using 'UTF-8' encoding to copy filtered resources.
2016-07-12 13:48:49,847 [Worker-999] INFO  o.e.m.c.i.embedder.EclipseLogger - skip non existing resourceDirectory C:\Users\htzigarov\workspace\addressBook\my-test-project\src\test\resources
2016-07-12 13:49:24,818 [Worker-1005] INFO  o.e.m.c.i.embedder.EclipseLogger - Using 'UTF-8' encoding to copy filtered resources.
2016-07-12 13:49:24,819 [Worker-1005] INFO  o.e.m.c.i.embedder.EclipseLogger - Copying 0 resource
2016-07-12 13:49:24,820 [Worker-1005] INFO  o.e.m.c.i.embedder.EclipseLogger - Using 'UTF-8' encoding to copy filtered resources.
2016-07-12 13:49:24,820 [Worker-1005] INFO  o.e.m.c.i.embedder.EclipseLogger - skip non existing resourceDirectory C:\Users\htzigarov\workspace\addressBook\my-test-project\src\test\resources
2016-07-12 13:51:07,280 [Worker-1005] INFO  o.e.m.c.i.embedder.EclipseLogger - Using 'UTF-8' encoding to copy filtered resources.
2016-07-12 13:51:07,280 [Worker-1005] INFO  o.e.m.c.i.embedder.EclipseLogger - Copying 0 resource
2016-07-12 13:51:07,281 [Worker-1005] INFO  o.e.m.c.i.embedder.EclipseLogger - Using 'UTF-8' encoding to copy filtered resources.
2016-07-12 13:51:07,281 [Worker-1005] INFO  o.e.m.c.i.embedder.EclipseLogger - skip non existing resourceDirectory C:\Users\htzigarov\workspace\addressBook\my-test-project\src\test\resources
2016-07-12 13:52:38,756 [Worker-1000] INFO  o.e.m.c.i.embedder.EclipseLogger - Using 'UTF-8' encoding to copy filtered resources.
2016-07-12 13:52:38,757 [Worker-1000] INFO  o.e.m.c.i.embedder.EclipseLogger - Copying 0 resource
2016-07-12 13:52:38,758 [Worker-1000] INFO  o.e.m.c.i.embedder.EclipseLogger - Using 'UTF-8' encoding to copy filtered resources.
2016-07-12 13:52:38,758 [Worker-1000] INFO  o.e.m.c.i.embedder.EclipseLogger - skip non existing resourceDirectory C:\Users\htzigarov\workspace\addressBook\my-test-project\src\test\resources
2016-07-12 13:53:24,036 [Worker-1003] INFO  o.e.m.c.i.embedder.EclipseLogger - Using 'UTF-8' encoding to copy filtered resources.
2016-07-12 13:53:24,037 [Worker-1003] INFO  o.e.m.c.i.embedder.EclipseLogger - Copying 0 resource
2016-07-12 13:53:24,038 [Worker-1003] INFO  o.e.m.c.i.embedder.EclipseLogger - Using 'UTF-8' encoding to copy filtered resources.
2016-07-12 13:53:24,038 [Worker-1003] INFO  o.e.m.c.i.embedder.EclipseLogger - skip non existing resourceDirectory C:\Users\htzigarov\workspace\addressBook\my-test-project\src\test\resources
2016-07-12 13:54:07,786 [Worker-998] INFO  o.e.m.c.i.embedder.EclipseLogger - Using 'UTF-8' encoding to copy filtered resources.
2016-07-12 13:54:07,786 [Worker-998] INFO  o.e.m.c.i.embedder.EclipseLogger - Copying 0 resource
2016-07-12 13:54:07,787 [Worker-998] INFO  o.e.m.c.i.embedder.EclipseLogger - Using 'UTF-8' encoding to copy filtered resources.
2016-07-12 13:54:07,787 [Worker-998] INFO  o.e.m.c.i.embedder.EclipseLogger - skip non existing resourceDirectory C:\Users\htzigarov\workspace\addressBook\my-test-project\src\test\resources
2016-07-12 13:55:13,400 [Worker-1000] INFO  o.e.m.c.i.embedder.EclipseLogger - Using 'UTF-8' encoding to copy filtered resources.
2016-07-12 13:55:13,401 [Worker-1000] INFO  o.e.m.c.i.embedder.EclipseLogger - Copying 0 resource
2016-07-12 13:55:13,402 [Worker-1000] INFO  o.e.m.c.i.embedder.EclipseLogger - Using 'UTF-8' encoding to copy filtered resources.
2016-07-12 13:55:13,402 [Worker-1000] INFO  o.e.m.c.i.embedder.EclipseLogger - skip non existing resourceDirectory C:\Users\htzigarov\workspace\addressBook\my-test-project\src\test\resources
2016-07-12 13:55:35,208 [Worker-1005] INFO  o.e.m.c.i.embedder.EclipseLogger - Using 'UTF-8' encoding to copy filtered resources.
2016-07-12 13:55:35,209 [Worker-1005] INFO  o.e.m.c.i.embedder.EclipseLogger - Copying 0 resource
2016-07-12 13:55:35,210 [Worker-1005] INFO  o.e.m.c.i.embedder.EclipseLogger - Using 'UTF-8' encoding to copy filtered resources.
2016-07-12 13:55:35,210 [Worker-1005] INFO  o.e.m.c.i.embedder.EclipseLogger - skip non existing resourceDirectory C:\Users\htzigarov\workspace\addressBook\my-test-project\src\test\resources
2016-07-12 13:58:44,992 [Worker-999] INFO  o.e.m.c.i.embedder.EclipseLogger - Using 'UTF-8' encoding to copy filtered resources.
2016-07-12 13:58:44,993 [Worker-999] INFO  o.e.m.c.i.embedder.EclipseLogger - Copying 0 resource
2016-07-12 13:58:44,993 [Worker-999] INFO  o.e.m.c.i.embedder.EclipseLogger - Using 'UTF-8' encoding to copy filtered resources.
2016-07-12 13:58:44,993 [Worker-999] INFO  o.e.m.c.i.embedder.EclipseLogger - skip non existing resourceDirectory C:\Users\htzigarov\workspace\addressBook\my-test-project\src\test\resources
2016-07-12 14:01:13,448 [Worker-999] INFO  o.e.m.c.i.embedder.EclipseLogger - Using 'UTF-8' encoding to copy filtered resources.
2016-07-12 14:01:13,449 [Worker-999] INFO  o.e.m.c.i.embedder.EclipseLogger - Copying 0 resource
2016-07-12 14:01:13,449 [Worker-999] INFO  o.e.m.c.i.embedder.EclipseLogger - Using 'UTF-8' encoding to copy filtered resources.
2016-07-12 14:01:13,449 [Worker-999] INFO  o.e.m.c.i.embedder.EclipseLogger - skip non existing resourceDirectory C:\Users\htzigarov\workspace\addressBook\my-test-project\src\test\resources
2016-07-12 14:01:23,965 [Worker-1005] INFO  o.e.m.c.i.embedder.EclipseLogger - Using 'UTF-8' encoding to copy filtered resources.
2016-07-12 14:01:23,965 [Worker-1005] INFO  o.e.m.c.i.embedder.EclipseLogger - Copying 0 resource
2016-07-12 14:01:23,966 [Worker-1005] INFO  o.e.m.c.i.embedder.EclipseLogger - Using 'UTF-8' encoding to copy filtered resources.
2016-07-12 14:01:23,966 [Worker-1005] INFO  o.e.m.c.i.embedder.EclipseLogger - skip non existing resourceDirectory C:\Users\htzigarov\workspace\addressBook\addressBook\src\test\resources
2016-07-12 14:01:23,999 [Worker-1005] INFO  o.e.m.c.i.embedder.EclipseLogger - Using 'UTF-8' encoding to copy filtered resources.
2016-07-12 14:01:23,999 [Worker-1005] INFO  o.e.m.c.i.embedder.EclipseLogger - Copying 0 resource
2016-07-12 14:01:24,000 [Worker-1005] INFO  o.e.m.c.i.embedder.EclipseLogger - Using 'UTF-8' encoding to copy filtered resources.
2016-07-12 14:01:24,000 [Worker-1005] INFO  o.e.m.c.i.embedder.EclipseLogger - skip non existing resourceDirectory C:\Users\htzigarov\workspace\addressBook\my-test-project\src\test\resources
2016-07-12 14:01:51,420 [Worker-1005] INFO  o.e.m.c.i.embedder.EclipseLogger - Using 'UTF-8' encoding to copy filtered resources.
2016-07-12 14:01:51,420 [Worker-1005] INFO  o.e.m.c.i.embedder.EclipseLogger - Copying 0 resource
2016-07-12 14:01:51,421 [Worker-1005] INFO  o.e.m.c.i.embedder.EclipseLogger - Using 'UTF-8' encoding to copy filtered resources.
2016-07-12 14:01:51,421 [Worker-1005] INFO  o.e.m.c.i.embedder.EclipseLogger - skip non existing resourceDirectory C:\Users\htzigarov\workspace\addressBook\my-test-project\src\test\resources
2016-07-12 14:02:01,097 [Worker-1005] INFO  o.e.m.c.i.embedder.EclipseLogger - Using 'UTF-8' encoding to copy filtered resources.
2016-07-12 14:02:01,097 [Worker-1005] INFO  o.e.m.c.i.embedder.EclipseLogger - Copying 0 resource
2016-07-12 14:02:01,098 [Worker-1005] INFO  o.e.m.c.i.embedder.EclipseLogger - Using 'UTF-8' encoding to copy filtered resources.
2016-07-12 14:02:01,098 [Worker-1005] INFO  o.e.m.c.i.embedder.EclipseLogger - skip non existing resourceDirectory C:\Users\htzigarov\workspace\addressBook\my-test-project\src\test\resources
2016-07-12 14:02:07,212 [Worker-1012] INFO  o.e.m.c.i.embedder.EclipseLogger - Using 'UTF-8' encoding to copy filtered resources.
2016-07-12 14:02:07,212 [Worker-1012] INFO  o.e.m.c.i.embedder.EclipseLogger - Copying 0 resource
2016-07-12 14:02:07,213 [Worker-1012] INFO  o.e.m.c.i.embedder.EclipseLogger - Using 'UTF-8' encoding to copy filtered resources.
2016-07-12 14:02:07,213 [Worker-1012] INFO  o.e.m.c.i.embedder.EclipseLogger - skip non existing resourceDirectory C:\Users\htzigarov\workspace\addressBook\my-test-project\src\test\resources
